<?xml version="1.0" encoding="UTF-8"?>
<testng-results ignored="0" total="1" passed="1" failed="0" skipped="0">
  <reporter-output>
  </reporter-output>
  <suite started-at="2024-03-19T14:15:39 IST" name="Default suite" finished-at="2024-03-19T14:15:44 IST" duration-ms="5004">
    <groups>
    </groups>
    <test started-at="2024-03-19T14:15:39 IST" name="Default test" finished-at="2024-03-19T14:15:44 IST" duration-ms="5004">
      <class name="testpkg.Fblogintest">
        <test-method is-config="true" signature="setup()[pri:0, instance:testpkg.Fblogintest@741a8937]" started-at="2024-03-19T14:15:39 IST" name="setup" finished-at="2024-03-19T14:15:43 IST" duration-ms="4572" status="PASS">
          <reporter-output>
          </reporter-output>
        </test-method> <!-- setup -->
        <test-method signature="test()[pri:0, instance:testpkg.Fblogintest@741a8937]" started-at="2024-03-19T14:15:43 IST" name="test" finished-at="2024-03-19T14:15:44 IST" duration-ms="383" status="PASS">
          <reporter-output>
          </reporter-output>
        </test-method> <!-- test -->
      </class> <!-- testpkg.Fblogintest -->
    </test> <!-- Default test -->
  </suite> <!-- Default suite -->
</testng-results>
